{
  "RSpec": {
    "coverage": {
      "/Users/cpcwood/OneDrive/Documents/Coding/Projects/bookmark_manager/spec/features/homepage_spec.rb": [
        1,
        1,
        1,
        null,
        null,
        null
      ],
      "/Users/cpcwood/OneDrive/Documents/Coding/Projects/bookmark_manager/spec/features/view_bookmark_spec.rb": [
        1,
        1,
        1,
        1,
        null,
        null
      ],
      "/Users/cpcwood/OneDrive/Documents/Coding/Projects/bookmark_manager/spec/unit/bookmark_spec.rb": [
        1,
        null,
        1,
        null,
        null,
        1,
        1,
        1,
        null,
        null,
        null
      ]
    },
    "timestamp": 1578937422
  }
}
